[0m15:16:07.877213 [debug] [MainThread]: Sending event: {'category': 'dbt', 'action': 'invocation', 'label': 'start', 'context': [<snowplow_tracker.self_describing_json.SelfDescribingJson object at 0x7cd60009b680>, <snowplow_tracker.self_describing_json.SelfDescribingJson object at 0x7cd601a14650>, <snowplow_tracker.self_describing_json.SelfDescribingJson object at 0x7cd5ff7d0620>]}


============================== 15:16:07.906131 | 385a1707-f7a2-4e07-86b7-f70e5f994f2d ==============================
[0m15:16:07.906131 [info ] [MainThread]: Running with dbt=1.10.2
[0m15:16:07.906500 [debug] [MainThread]: running dbt with arguments {'printer_width': '80', 'indirect_selection': 'eager', 'log_cache_events': 'False', 'write_json': 'True', 'partial_parse': 'True', 'cache_selected_only': 'False', 'profiles_dir': '/home/aderaldo/.dbt', 'debug': 'False', 'warn_error': 'None', 'log_path': 'logs', 'fail_fast': 'False', 'version_check': 'True', 'use_colors': 'True', 'use_experimental_parser': 'False', 'empty': 'None', 'quiet': 'False', 'no_print': 'None', 'warn_error_options': 'WarnErrorOptionsV2(error=[], warn=[], silence=[])', 'invocation_command': 'dbt init', 'static_parser': 'True', 'introspect': 'True', 'target_path': 'None', 'log_format': 'default', 'send_anonymous_usage_stats': 'True'}
[0m15:16:07.937485 [info ] [MainThread]: Creating dbt configuration folder at /home/aderaldo/.dbt
[0m15:20:43.518893 [debug] [MainThread]: Starter project path: /home/aderaldo/Estudos/Workshop_jd/1_local_setup/.venv/lib/python3.12/site-packages/dbt/include/starter_project
[0m15:20:43.521584 [info ] [MainThread]: 
Your new dbt project "jornada_dw" was created!

For more information on how to configure the profiles.yml file,
please consult the dbt documentation here:

  https://docs.getdbt.com/docs/configure-your-profile

One more thing:

Need help? Don't hesitate to reach out to us via GitHub issues or on Slack:

  https://community.getdbt.com/

Happy modeling!

[0m15:20:43.522086 [info ] [MainThread]: Setting up your profile.
[0m15:35:06.813604 [info ] [MainThread]: Profile jornada_dw written to /home/aderaldo/.dbt/profiles.yml using target's profile_template.yml and your supplied values. Run 'dbt debug' to validate the connection.
[0m15:35:06.823824 [debug] [MainThread]: Resource report: {"command_name": "init", "command_success": true, "command_wall_clock_time": 1138.9828, "process_in_blocks": "5208", "process_kernel_time": 0.152919, "process_mem_max_rss": "123820", "process_out_blocks": "33768", "process_user_time": 2.079911}
[0m15:35:06.825128 [debug] [MainThread]: Command `dbt init` succeeded at 15:35:06.824884 after 1138.98 seconds
[0m15:35:06.825897 [debug] [MainThread]: Sending event: {'category': 'dbt', 'action': 'invocation', 'label': 'end', 'context': [<snowplow_tracker.self_describing_json.SelfDescribingJson object at 0x7cd5ff720ad0>, <snowplow_tracker.self_describing_json.SelfDescribingJson object at 0x7cd5ff298a40>, <snowplow_tracker.self_describing_json.SelfDescribingJson object at 0x7cd5ff59f140>]}
[0m15:35:06.826685 [debug] [MainThread]: Flushing usage events
[0m15:35:07.396092 [debug] [MainThread]: An error was encountered while trying to flush usage events
